2020-05-24 21:50:49.110  INFO 8820 --- [main] c.p.s.l.a.SpringBootLoggingApplication   : Starting SpringBootLoggingApplication on ITEM-S24309 with PID 8820 (C:\FEX_WorkSpace\Practice\spring-boot-logging\target\classes started by ajaiswal in C:\FEX_WorkSpace\Practice)
2020-05-24 21:50:49.118 DEBUG 8820 --- [main] c.p.s.l.a.SpringBootLoggingApplication   : Running with Spring Boot v1.4.2.RELEASE, Spring v4.3.4.RELEASE
2020-05-24 21:50:49.119  INFO 8820 --- [main] c.p.s.l.a.SpringBootLoggingApplication   : No active profile set, falling back to default profiles: default
2020-05-24 21:50:49.190  INFO 8820 --- [main] ationConfigEmbeddedWebApplicationContext : Refreshing org.springframework.boot.context.embedded.AnnotationConfigEmbeddedWebApplicationContext@5fdcaa40: startup date [Sun May 24 21:50:49 IST 2020]; root of context hierarchy
2020-05-24 21:50:50.073  INFO 8820 --- [main] s.b.c.e.t.TomcatEmbeddedServletContainer : Tomcat initialized with port(s): 8081 (http)
2020-05-24 21:50:50.079  INFO 8820 --- [main] o.apache.catalina.core.StandardService   : Starting service Tomcat
2020-05-24 21:50:50.080  INFO 8820 --- [main] org.apache.catalina.core.StandardEngine  : Starting Servlet Engine: Apache Tomcat/8.5.6
2020-05-24 21:50:50.593  INFO 8820 --- [localhost-startStop-1] o.a.c.c.C.[Tomcat].[localhost].[/]       : Initializing Spring embedded WebApplicationContext
2020-05-24 21:50:50.691  INFO 8820 --- [localhost-startStop-1] o.s.b.w.servlet.ServletRegistrationBean  : Mapping servlet: 'dispatcherServlet' to [/]
2020-05-24 21:50:50.694  INFO 8820 --- [localhost-startStop-1] o.s.b.w.servlet.FilterRegistrationBean   : Mapping filter: 'characterEncodingFilter' to: [/*]
2020-05-24 21:50:50.694  INFO 8820 --- [localhost-startStop-1] o.s.b.w.servlet.FilterRegistrationBean   : Mapping filter: 'hiddenHttpMethodFilter' to: [/*]
2020-05-24 21:50:50.695  INFO 8820 --- [localhost-startStop-1] o.s.b.w.servlet.FilterRegistrationBean   : Mapping filter: 'httpPutFormContentFilter' to: [/*]
2020-05-24 21:50:50.695  INFO 8820 --- [localhost-startStop-1] o.s.b.w.servlet.FilterRegistrationBean   : Mapping filter: 'requestContextFilter' to: [/*]
2020-05-24 21:50:51.057  INFO 8820 --- [main] o.s.j.e.a.AnnotationMBeanExporter        : Registering beans for JMX exposure on startup
2020-05-24 21:50:51.092  INFO 8820 --- [main] s.b.c.e.t.TomcatEmbeddedServletContainer : Tomcat started on port(s): 8081 (http)
2020-05-24 21:50:51.096  INFO 8820 --- [main] c.p.s.l.a.SpringBootLoggingApplication   : Started SpringBootLoggingApplication in 2.275 seconds (JVM running for 2.817)
2020-05-24 21:50:57.101  INFO 8820 --- [http-nio-8081-exec-1] o.a.c.c.C.[Tomcat].[localhost].[/]       : Initializing Spring FrameworkServlet 'dispatcherServlet'
2020-05-24 21:50:57.140 DEBUG 8820 --- [http-nio-8081-exec-1] c.p.s.l.a.SpringBootLoggingApplication   : Input aman
2020-05-24 21:50:57.141 DEBUG 8820 --- [http-nio-8081-exec-1] c.p.s.l.a.SpringBootLoggingApplication   : Output Hi amankeep practicing spring boot
2020-05-24 21:53:25 - [main]  INFO  c.p.s.l.a.SpringBootLoggingApplication - Starting SpringBootLoggingApplication on ITEM-S24309 with PID 10196 (C:\FEX_WorkSpace\Practice\spring-boot-logging\target\classes started by ajaiswal in C:\FEX_WorkSpace\Practice)
2020-05-24 21:53:25 - [main]  DEBUG c.p.s.l.a.SpringBootLoggingApplication - Running with Spring Boot v1.4.2.RELEASE, Spring v4.3.4.RELEASE
2020-05-24 21:53:25 - [main]  INFO  c.p.s.l.a.SpringBootLoggingApplication - No active profile set, falling back to default profiles: default
2020-05-24 21:53:25 - [main]  INFO  o.s.b.c.e.AnnotationConfigEmbeddedWebApplicationContext - Refreshing org.springframework.boot.context.embedded.AnnotationConfigEmbeddedWebApplicationContext@71809907: startup date [Sun May 24 21:53:25 IST 2020]; root of context hierarchy
2020-05-24 21:53:26 - [main]  INFO  o.s.b.c.e.t.TomcatEmbeddedServletContainer - Tomcat initialized with port(s): 8081 (http)
2020-05-24 21:53:26 - [main]  INFO  o.a.catalina.core.StandardService - Starting service Tomcat
2020-05-24 21:53:26 - [main]  INFO  o.a.catalina.core.StandardEngine - Starting Servlet Engine: Apache Tomcat/8.5.6
2020-05-24 21:53:26 - [localhost-startStop-1]  INFO  o.a.c.c.C.[Tomcat].[localhost].[/] - Initializing Spring embedded WebApplicationContext
2020-05-24 21:53:26 - [localhost-startStop-1]  INFO  o.s.b.w.s.ServletRegistrationBean - Mapping servlet: 'dispatcherServlet' to [/]
2020-05-24 21:53:26 - [localhost-startStop-1]  INFO  o.s.b.w.s.FilterRegistrationBean - Mapping filter: 'characterEncodingFilter' to: [/*]
2020-05-24 21:53:26 - [localhost-startStop-1]  INFO  o.s.b.w.s.FilterRegistrationBean - Mapping filter: 'hiddenHttpMethodFilter' to: [/*]
2020-05-24 21:53:26 - [localhost-startStop-1]  INFO  o.s.b.w.s.FilterRegistrationBean - Mapping filter: 'httpPutFormContentFilter' to: [/*]
2020-05-24 21:53:26 - [localhost-startStop-1]  INFO  o.s.b.w.s.FilterRegistrationBean - Mapping filter: 'requestContextFilter' to: [/*]
2020-05-24 21:53:26 - [main]  INFO  o.s.j.e.a.AnnotationMBeanExporter - Registering beans for JMX exposure on startup
2020-05-24 21:53:26 - [main]  INFO  o.s.b.c.e.t.TomcatEmbeddedServletContainer - Tomcat started on port(s): 8081 (http)
2020-05-24 21:53:26 - [main]  INFO  c.p.s.l.a.SpringBootLoggingApplication - Started SpringBootLoggingApplication in 1.897 seconds (JVM running for 2.664)
